<?xml version="1.0" encoding="UTF-8"?>
<!-- Generated by org.testng.reporters.JUnitReportReporter -->
<testsuite hostname="Bablu-PC" name="executions.Upcmngmtng_in_ms_TS_97" tests="5" failures="0" timestamp="28 Mar 2018 14:36:54 GMT" time="190.075" errors="0">
  <testcase name="CRe4_228" time="34.745" classname="executions.Upcmngmtng_in_ms_TS_97"/>
  <testcase name="CRe4_227" time="40.841" classname="executions.Upcmngmtng_in_ms_TS_97"/>
  <testcase name="CRe4_224_226" time="36.188" classname="executions.Upcmngmtng_in_ms_TS_97"/>
  <testcase name="CRe4_237_238_239" time="39.987" classname="executions.Upcmngmtng_in_ms_TS_97"/>
  <testcase name="CRe4_229" time="38.314" classname="executions.Upcmngmtng_in_ms_TS_97"/>
</testsuite> <!-- executions.Upcmngmtng_in_ms_TS_97 -->
