<?xml version="1.0" encoding="UTF-8"?>
<!-- Generated by org.testng.reporters.JUnitReportReporter -->
<testsuite hostname="Bablu-PC" name="executions.Reschedule_mtng_TS_98" tests="4" failures="0" timestamp="28 Mar 2018 14:36:54 GMT" time="193.436" errors="0">
  <testcase name="CRe4_243_245" time="54.345" classname="executions.Reschedule_mtng_TS_98"/>
  <testcase name="CRe4_241" time="49.081" classname="executions.Reschedule_mtng_TS_98"/>
  <testcase name="CRe4_242" time="33.475" classname="executions.Reschedule_mtng_TS_98"/>
  <testcase name="CRe4_244" time="56.535" classname="executions.Reschedule_mtng_TS_98"/>
</testsuite> <!-- executions.Reschedule_mtng_TS_98 -->
