<?xml version="1.0" encoding="UTF-8"?>
<!-- Generated by org.testng.reporters.JUnitReportReporter -->
<testsuite hostname="Bablu-PC" name="executions.Generate_agenda_TS_96" tests="7" failures="0" timestamp="28 Mar 2018 14:36:54 GMT" time="349.803" errors="0">
  <testcase name="CRe4_213" time="32.822" classname="executions.Generate_agenda_TS_96"/>
  <testcase name="CRe4_204_209" time="79.568" classname="executions.Generate_agenda_TS_96"/>
  <testcase name="CRe4_187" time="58.390" classname="executions.Generate_agenda_TS_96"/>
  <testcase name="CRe4_191_192" time="54.740" classname="executions.Generate_agenda_TS_96"/>
  <testcase name="CRe4_193_194" time="50.527" classname="executions.Generate_agenda_TS_96"/>
  <testcase name="CRe4_210_211_212" time="39.272" classname="executions.Generate_agenda_TS_96"/>
  <testcase name="CRe4_214" time="34.484" classname="executions.Generate_agenda_TS_96"/>
</testsuite> <!-- executions.Generate_agenda_TS_96 -->
