<?xml version="1.0" encoding="UTF-8"?>
<!-- Generated by org.testng.reporters.JUnitReportReporter -->
<testsuite hostname="Bablu-PC" name="executions.Schedule_meeting_mail_TS_142" tests="1" failures="0" timestamp="28 Mar 2018 14:36:54 GMT" time="0.000" errors="1">
  <testcase name="CRe4_150_151" time="0.000" classname="executions.Schedule_meeting_mail_TS_142">
    <error type="org.openqa.selenium.WebDriverException" message="Failed to connect to binary FirefoxBinary(C:\Program Files (x86)\Mozilla Firefox\firefox.exe) on port 7055; process output follows: 
\Local\Temp\anonymous7094655675618423412webdriver-profile\extensions\fxdriver@googlecode.com
1522247544909	addons.xpi	DEBUG	Ignoring file entry whose name is not a valid add-on ID: C:\Users\bablu.p\AppData\Local\Temp\anonymous7094655675618423412webdriver-profile\extensions\webdriver-staging
1522247544910	addons.xpi	DEBUG	Existing add-on fxdriver@googlecode.com in app-profile
1522247544911	addons.xpi	INFO	Mapping activity-stream@mozilla.org to C:\Program Files (x86)\Mozilla Firefox\browser\features\activity-stream@mozilla.org.xpi
1522247544911	addons.xpi	INFO	Mapping aushelper@mozilla.org to C:\Program Files (x86)\Mozilla Firefox\browser\features\aushelper@mozilla.org.xpi
1522247544911	addons.xpi	INFO	Mapping clicktoplay-rollout@mozilla.org to C:\Program Files (x86)\Mozilla Firefox\browser\features\clicktoplay-rollout@mozilla.org.xpi
1522247544912	addons.xpi	INFO	Mapping e10srollout@mozilla.org to C:\Program Files (x86)\Mozilla Firefox\browser\features\e10srollout@mozilla.org.xpi
1522247544912	addons.xpi	INFO	Mapping firefox@getpocket.com to C:\Program Files (x86)\Mozilla Firefox\browser\features\firefox@getpocket.com.xpi
1522247544912	addons.xpi	INFO	Mapping followonsearch@mozilla.com to C:\Program Files (x86)\Mozilla Firefox\browser\features\followonsearch@mozilla.com.xpi
1522247544912	addons.xpi	INFO	Mapping formautofill@mozilla.org to C:\Program Files (x86)\Mozilla Firefox\browser\features\formautofill@mozilla.org.xpi
1522247544912	addons.xpi	INFO	Mapping onboarding@mozilla.org to C:\Program Files (x86)\Mozilla Firefox\browser\features\onboarding@mozilla.org.xpi
1522247544912	addons.xpi	INFO	Mapping screenshots@mozilla.org to C:\Program Files (x86)\Mozilla Firefox\browser\features\screenshots@mozilla.org.xpi
1522247544912	addons.xpi	INFO	Mapping shield-recipe-client@mozilla.org to C:\Program Files (x86)\Mozilla Firefox\browser\features\shield-recipe-client@mozilla.org.xpi
1522247544912	addons.xpi	INFO	Mapping webcompat@mozilla.org to C:\Program Files (x86)\Mozilla Firefox\browser\features\webcompat@mozilla.org.xpi
1522247544913	addons.xpi	DEBUG	Existing add-on activity-stream@mozilla.org in app-system-defaults
1522247544913	addons.xpi	DEBUG	Existing add-on aushelper@mozilla.org in app-system-defaults
1522247544914	addons.xpi	DEBUG	Existing add-on clicktoplay-rollout@mozilla.org in app-system-defaults
1522247544914	addons.xpi	DEBUG	Existing add-on e10srollout@mozilla.org in app-system-defaults
1522247544914	addons.xpi	DEBUG	Existing add-on firefox@getpocket.com in app-system-defaults
1522247544914	addons.xpi	DEBUG	Existing add-on followonsearch@mozilla.com in app-system-defaults
1522247544914	addons.xpi	DEBUG	Existing add-on formautofill@mozilla.org in app-system-defaults
1522247544915	addons.xpi	DEBUG	Existing add-on onboarding@mozilla.org in app-system-defaults
1522247544915	addons.xpi	DEBUG	Existing add-on screenshots@mozilla.org in app-system-defaults
1522247544915	addons.xpi	DEBUG	Existing add-on shield-recipe-client@mozilla.org in app-system-defaults
1522247544915	addons.xpi	DEBUG	Existing add-on webcompat@mozilla.org in app-system-defaults
1522247544916	addons.xpi	INFO	Mapping {972ce4c6-7e08-4474-a285-3208198ce6fd} to C:\Program Files (x86)\Mozilla Firefox\browser\extensions\{972ce4c6-7e08-4474-a285-3208198ce6fd}.xpi
1522247544916	addons.xpi	DEBUG	Existing add-on {972ce4c6-7e08-4474-a285-3208198ce6fd} in app-global
1522247544916	addons.xpi	DEBUG	getInstallState changed: false, state: {}
1522247545664	addons.productaddons	INFO	Completed downloading document
1522247546714	addons.productaddons	INFO	downloadXHR File download. status=200
1522247546718	addons.productaddons	INFO	Downloaded file will be saved to C:\Users\bablu.p\AppData\Local\Temp\tmpaddon-7aff38
1522247547519	DeferredSave.webext.sc.lz4	DEBUG	Starting write
1522247547525	DeferredSave.webext.sc.lz4	DEBUG	Write succeeded
1522247549965	addons.productaddons	INFO	downloadXHR File download. status=200
1522247549973	addons.productaddons	INFO	Downloaded file will be saved to C:\Users\bablu.p\AppData\Local\Temp\tmpaddon-256122

Build info: version: &#039;2.53.1&#039;, revision: &#039;a36b8b1&#039;, time: &#039;2016-06-30 17:37:03&#039;
System info: host: &#039;Bablu-PC&#039;, ip: &#039;192.168.56.1&#039;, os.name: &#039;Windows 7&#039;, os.arch: &#039;amd64&#039;, os.version: &#039;6.1&#039;, java.version: &#039;1.8.0_161&#039;
Driver info: driver.version: FirefoxDriver">
      <![CDATA[org.openqa.selenium.WebDriverException: Failed to connect to binary FirefoxBinary(C:\Program Files (x86)\Mozilla Firefox\firefox.exe) on port 7055; process output follows: 
\Local\Temp\anonymous7094655675618423412webdriver-profile\extensions\fxdriver@googlecode.com
1522247544909	addons.xpi	DEBUG	Ignoring file entry whose name is not a valid add-on ID: C:\Users\bablu.p\AppData\Local\Temp\anonymous7094655675618423412webdriver-profile\extensions\webdriver-staging
1522247544910	addons.xpi	DEBUG	Existing add-on fxdriver@googlecode.com in app-profile
1522247544911	addons.xpi	INFO	Mapping activity-stream@mozilla.org to C:\Program Files (x86)\Mozilla Firefox\browser\features\activity-stream@mozilla.org.xpi
1522247544911	addons.xpi	INFO	Mapping aushelper@mozilla.org to C:\Program Files (x86)\Mozilla Firefox\browser\features\aushelper@mozilla.org.xpi
1522247544911	addons.xpi	INFO	Mapping clicktoplay-rollout@mozilla.org to C:\Program Files (x86)\Mozilla Firefox\browser\features\clicktoplay-rollout@mozilla.org.xpi
1522247544912	addons.xpi	INFO	Mapping e10srollout@mozilla.org to C:\Program Files (x86)\Mozilla Firefox\browser\features\e10srollout@mozilla.org.xpi
1522247544912	addons.xpi	INFO	Mapping firefox@getpocket.com to C:\Program Files (x86)\Mozilla Firefox\browser\features\firefox@getpocket.com.xpi
1522247544912	addons.xpi	INFO	Mapping followonsearch@mozilla.com to C:\Program Files (x86)\Mozilla Firefox\browser\features\followonsearch@mozilla.com.xpi
1522247544912	addons.xpi	INFO	Mapping formautofill@mozilla.org to C:\Program Files (x86)\Mozilla Firefox\browser\features\formautofill@mozilla.org.xpi
1522247544912	addons.xpi	INFO	Mapping onboarding@mozilla.org to C:\Program Files (x86)\Mozilla Firefox\browser\features\onboarding@mozilla.org.xpi
1522247544912	addons.xpi	INFO	Mapping screenshots@mozilla.org to C:\Program Files (x86)\Mozilla Firefox\browser\features\screenshots@mozilla.org.xpi
1522247544912	addons.xpi	INFO	Mapping shield-recipe-client@mozilla.org to C:\Program Files (x86)\Mozilla Firefox\browser\features\shield-recipe-client@mozilla.org.xpi
1522247544912	addons.xpi	INFO	Mapping webcompat@mozilla.org to C:\Program Files (x86)\Mozilla Firefox\browser\features\webcompat@mozilla.org.xpi
1522247544913	addons.xpi	DEBUG	Existing add-on activity-stream@mozilla.org in app-system-defaults
1522247544913	addons.xpi	DEBUG	Existing add-on aushelper@mozilla.org in app-system-defaults
1522247544914	addons.xpi	DEBUG	Existing add-on clicktoplay-rollout@mozilla.org in app-system-defaults
1522247544914	addons.xpi	DEBUG	Existing add-on e10srollout@mozilla.org in app-system-defaults
1522247544914	addons.xpi	DEBUG	Existing add-on firefox@getpocket.com in app-system-defaults
1522247544914	addons.xpi	DEBUG	Existing add-on followonsearch@mozilla.com in app-system-defaults
1522247544914	addons.xpi	DEBUG	Existing add-on formautofill@mozilla.org in app-system-defaults
1522247544915	addons.xpi	DEBUG	Existing add-on onboarding@mozilla.org in app-system-defaults
1522247544915	addons.xpi	DEBUG	Existing add-on screenshots@mozilla.org in app-system-defaults
1522247544915	addons.xpi	DEBUG	Existing add-on shield-recipe-client@mozilla.org in app-system-defaults
1522247544915	addons.xpi	DEBUG	Existing add-on webcompat@mozilla.org in app-system-defaults
1522247544916	addons.xpi	INFO	Mapping {972ce4c6-7e08-4474-a285-3208198ce6fd} to C:\Program Files (x86)\Mozilla Firefox\browser\extensions\{972ce4c6-7e08-4474-a285-3208198ce6fd}.xpi
1522247544916	addons.xpi	DEBUG	Existing add-on {972ce4c6-7e08-4474-a285-3208198ce6fd} in app-global
1522247544916	addons.xpi	DEBUG	getInstallState changed: false, state: {}
1522247545664	addons.productaddons	INFO	Completed downloading document
1522247546714	addons.productaddons	INFO	downloadXHR File download. status=200
1522247546718	addons.productaddons	INFO	Downloaded file will be saved to C:\Users\bablu.p\AppData\Local\Temp\tmpaddon-7aff38
1522247547519	DeferredSave.webext.sc.lz4	DEBUG	Starting write
1522247547525	DeferredSave.webext.sc.lz4	DEBUG	Write succeeded
1522247549965	addons.productaddons	INFO	downloadXHR File download. status=200
1522247549973	addons.productaddons	INFO	Downloaded file will be saved to C:\Users\bablu.p\AppData\Local\Temp\tmpaddon-256122

Build info: version: '2.53.1', revision: 'a36b8b1', time: '2016-06-30 17:37:03'
System info: host: 'Bablu-PC', ip: '192.168.56.1', os.name: 'Windows 7', os.arch: 'amd64', os.version: '6.1', java.version: '1.8.0_161'
Driver info: driver.version: FirefoxDriver
	at org.openqa.selenium.firefox.internal.NewProfileExtensionConnection.start(NewProfileExtensionConnection.java:124)
	at org.openqa.selenium.firefox.FirefoxDriver.startClient(FirefoxDriver.java:271)
	at org.openqa.selenium.remote.RemoteWebDriver.<init>(RemoteWebDriver.java:119)
	at org.openqa.selenium.firefox.FirefoxDriver.<init>(FirefoxDriver.java:218)
	at org.openqa.selenium.firefox.FirefoxDriver.<init>(FirefoxDriver.java:211)
	at org.openqa.selenium.firefox.FirefoxDriver.<init>(FirefoxDriver.java:207)
	at org.openqa.selenium.firefox.FirefoxDriver.<init>(FirefoxDriver.java:120)
	at GlobalMethod.GlobalMethods.LaunchBrowser(GlobalMethods.java:102)
	at executions.Upcmngmtng_in_CP_TS_102.beforeMethod(Upcmngmtng_in_CP_TS_102.java:24)
	at sun.reflect.NativeMethodAccessorImpl.invoke0(Native Method)
	at sun.reflect.NativeMethodAccessorImpl.invoke(Unknown Source)
	at sun.reflect.DelegatingMethodAccessorImpl.invoke(Unknown Source)
	at java.lang.reflect.Method.invoke(Unknown Source)
	at org.testng.internal.MethodInvocationHelper.invokeMethod(MethodInvocationHelper.java:85)
	at org.testng.internal.Invoker.invokeConfigurationMethod(Invoker.java:510)
	at org.testng.internal.Invoker.invokeConfigurations(Invoker.java:211)
	at org.testng.internal.Invoker.invokeMethod(Invoker.java:585)
	at org.testng.internal.Invoker.invokeTestMethod(Invoker.java:816)
	at org.testng.internal.Invoker.invokeTestMethods(Invoker.java:1124)
	at org.testng.internal.TestMethodWorker.invokeTestMethods(TestMethodWorker.java:125)
	at org.testng.internal.TestMethodWorker.run(TestMethodWorker.java:108)
	at org.testng.TestRunner.privateRun(TestRunner.java:774)
	at org.testng.TestRunner.run(TestRunner.java:624)
	at org.testng.SuiteRunner.runTest(SuiteRunner.java:359)
	at org.testng.SuiteRunner.runSequentially(SuiteRunner.java:354)
	at org.testng.SuiteRunner.privateRun(SuiteRunner.java:312)
	at org.testng.SuiteRunner.run(SuiteRunner.java:261)
	at org.testng.SuiteRunnerWorker.runSuite(SuiteRunnerWorker.java:52)
	at org.testng.SuiteRunnerWorker.run(SuiteRunnerWorker.java:86)
	at org.testng.TestNG.runSuitesSequentially(TestNG.java:1215)
	at org.testng.TestNG.runSuitesLocally(TestNG.java:1140)
	at org.testng.TestNG.run(TestNG.java:1048)
	at org.testng.TestNG.privateMain(TestNG.java:1355)
	at org.testng.TestNG.main(TestNG.java:1324)
Caused by: org.openqa.selenium.firefox.NotConnectedException: Unable to connect to host 127.0.0.1 on port 7055 after 45000 ms. Firefox console output:
\Local\Temp\anonymous7094655675618423412webdriver-profile\extensions\fxdriver@googlecode.com
1522247544909	addons.xpi	DEBUG	Ignoring file entry whose name is not a valid add-on ID: C:\Users\bablu.p\AppData\Local\Temp\anonymous7094655675618423412webdriver-profile\extensions\webdriver-staging
1522247544910	addons.xpi	DEBUG	Existing add-on fxdriver@googlecode.com in app-profile
1522247544911	addons.xpi	INFO	Mapping activity-stream@mozilla.org to C:\Program Files (x86)\Mozilla Firefox\browser\features\activity-stream@mozilla.org.xpi
1522247544911	addons.xpi	INFO	Mapping aushelper@mozilla.org to C:\Program Files (x86)\Mozilla Firefox\browser\features\aushelper@mozilla.org.xpi
1522247544911	addons.xpi	INFO	Mapping clicktoplay-rollout@mozilla.org to C:\Program Files (x86)\Mozilla Firefox\browser\features\clicktoplay-rollout@mozilla.org.xpi
1522247544912	addons.xpi	INFO	Mapping e10srollout@mozilla.org to C:\Program Files (x86)\Mozilla Firefox\browser\features\e10srollout@mozilla.org.xpi
1522247544912	addons.xpi	INFO	Mapping firefox@getpocket.com to C:\Program Files (x86)\Mozilla Firefox\browser\features\firefox@getpocket.com.xpi
1522247544912	addons.xpi	INFO	Mapping followonsearch@mozilla.com to C:\Program Files (x86)\Mozilla Firefox\browser\features\followonsearch@mozilla.com.xpi
1522247544912	addons.xpi	INFO	Mapping formautofill@mozilla.org to C:\Program Files (x86)\Mozilla Firefox\browser\features\formautofill@mozilla.org.xpi
1522247544912	addons.xpi	INFO	Mapping onboarding@mozilla.org to C:\Program Files (x86)\Mozilla Firefox\browser\features\onboarding@mozilla.org.xpi
1522247544912	addons.xpi	INFO	Mapping screenshots@mozilla.org to C:\Program Files (x86)\Mozilla Firefox\browser\features\screenshots@mozilla.org.xpi
1522247544912	addons.xpi	INFO	Mapping shield-recipe-client@mozilla.org to C:\Program Files (x86)\Mozilla Firefox\browser\features\shield-recipe-client@mozilla.org.xpi
1522247544912	addons.xpi	INFO	Mapping webcompat@mozilla.org to C:\Program Files (x86)\Mozilla Firefox\browser\features\webcompat@mozilla.org.xpi
1522247544913	addons.xpi	DEBUG	Existing add-on activity-stream@mozilla.org in app-system-defaults
1522247544913	addons.xpi	DEBUG	Existing add-on aushelper@mozilla.org in app-system-defaults
1522247544914	addons.xpi	DEBUG	Existing add-on clicktoplay-rollout@mozilla.org in app-system-defaults
1522247544914	addons.xpi	DEBUG	Existing add-on e10srollout@mozilla.org in app-system-defaults
1522247544914	addons.xpi	DEBUG	Existing add-on firefox@getpocket.com in app-system-defaults
1522247544914	addons.xpi	DEBUG	Existing add-on followonsearch@mozilla.com in app-system-defaults
1522247544914	addons.xpi	DEBUG	Existing add-on formautofill@mozilla.org in app-system-defaults
1522247544915	addons.xpi	DEBUG	Existing add-on onboarding@mozilla.org in app-system-defaults
1522247544915	addons.xpi	DEBUG	Existing add-on screenshots@mozilla.org in app-system-defaults
1522247544915	addons.xpi	DEBUG	Existing add-on shield-recipe-client@mozilla.org in app-system-defaults
1522247544915	addons.xpi	DEBUG	Existing add-on webcompat@mozilla.org in app-system-defaults
1522247544916	addons.xpi	INFO	Mapping {972ce4c6-7e08-4474-a285-3208198ce6fd} to C:\Program Files (x86)\Mozilla Firefox\browser\extensions\{972ce4c6-7e08-4474-a285-3208198ce6fd}.xpi
1522247544916	addons.xpi	DEBUG	Existing add-on {972ce4c6-7e08-4474-a285-3208198ce6fd} in app-global
1522247544916	addons.xpi	DEBUG	getInstallState changed: false, state: {}
1522247545664	addons.productaddons	INFO	Completed downloading document
1522247546714	addons.productaddons	INFO	downloadXHR File download. status=200
1522247546718	addons.productaddons	INFO	Downloaded file will be saved to C:\Users\bablu.p\AppData\Local\Temp\tmpaddon-7aff38
1522247547519	DeferredSave.webext.sc.lz4	DEBUG	Starting write
1522247547525	DeferredSave.webext.sc.lz4	DEBUG	Write succeeded
1522247549965	addons.productaddons	INFO	downloadXHR File download. status=200
1522247549973	addons.productaddons	INFO	Downloaded file will be saved to C:\Users\bablu.p\AppData\Local\Temp\tmpaddon-256122

	at org.openqa.selenium.firefox.internal.NewProfileExtensionConnection.start(NewProfileExtensionConnection.java:112)
	... 33 more
]]>
    </error>
  </testcase> <!-- CRe4_150_151 -->
</testsuite> <!-- executions.Schedule_meeting_mail_TS_142 -->
