<?xml version="1.0" encoding="UTF-8"?>
<!-- Generated by org.testng.reporters.JUnitReportReporter -->
<testsuite hostname="BabluKumarPrasa" name="executions1.TS_21_Exe" tests="3" failures="0" timestamp="25 Mar 2018 17:47:27 GMT" time="261.001" errors="0">
  <testcase name="CRe4_978" time="71.727" classname="executions1.TS_21_Exe"/>
  <testcase name="CRe4_970_971_972_973_977" time="120.248" classname="executions1.TS_21_Exe"/>
  <testcase name="CRe4_974" time="69.026" classname="executions1.TS_21_Exe"/>
</testsuite> <!-- executions1.TS_21_Exe -->
